<?xml version="1.0" encoding="UTF-8"?>
<!-- Generated by org.testng.reporters.JUnitReportReporter -->
<testsuite hostname="GXNB-PF2ZKZ58" failures="0" tests="1" name="com.demo.datadriven.Google" time="4.232" errors="0" timestamp="2023-11-14T21:36:09 IST" skipped="0">
  <testcase classname="com.demo.datadriven.Google" name="open" time="4.232"/>
  <system-out/>
</testsuite> <!-- com.demo.datadriven.Google -->
