<?xml version="1.0" encoding="UTF-8"?>
<!-- Generated by org.testng.reporters.JUnitReportReporter -->
<testsuite hostname="GXNB-PF2ZKZ58" failures="0" tests="1" name="com.demo.datadriven.BothCorrect" time="9.200" errors="0" timestamp="2023-11-17T13:07:57 IST" skipped="0">
  <testcase classname="com.demo.datadriven.BothCorrect" name="loginWithBothCorrect" time="9.200"/>
  <system-out/>
</testsuite> <!-- com.demo.datadriven.BothCorrect -->
