<?xml version="1.0" encoding="UTF-8"?>
<!-- Generated by org.testng.reporters.JUnitReportReporter -->
<testsuite hostname="GXNB-PF2ZKZ58" failures="0" tests="1" name="com.demo.datadriven.CorrectPassword" time="11.353" errors="0" timestamp="2023-11-17T13:07:57 IST" skipped="0">
  <testcase classname="com.demo.datadriven.CorrectPassword" name="loginWithCorrectPassword" time="11.353"/>
  <system-out/>
</testsuite> <!-- com.demo.datadriven.CorrectPassword -->
