<?xml version="1.0" encoding="UTF-8"?>
<!-- Generated by org.testng.reporters.JUnitReportReporter -->
<testsuite hostname="GXNB-PG03THKB" failures="0" tests="4" name="com.demo.datadriven.LoginToAppExcel" time="30.258" errors="0" timestamp="2024-05-15T20:07:44 IST" skipped="0">
  <testcase classname="com.demo.datadriven.LoginToAppExcel" name="loginToApplication" time="7.767"/>
  <system-out/>
  <testcase classname="com.demo.datadriven.LoginToAppExcel" name="loginToApplication" time="7.577"/>
  <system-out/>
  <testcase classname="com.demo.datadriven.LoginToAppExcel" name="loginToApplication" time="7.257"/>
  <system-out/>
  <testcase classname="com.demo.datadriven.LoginToAppExcel" name="loginToApplication" time="7.657"/>
  <system-out/>
</testsuite> <!-- com.demo.datadriven.LoginToAppExcel -->
