<?xml version="1.0" encoding="UTF-8"?>
<!-- Generated by org.testng.reporters.JUnitReportReporter -->
<testsuite hostname="GXNB-PF2ZKZ58" failures="0" tests="1" name="git.TestGit" time="0.009" errors="0" timestamp="2023-06-08T18:57:20 IST" skipped="0">
  <testcase classname="git.TestGit" name="f" time="0.009"/>
</testsuite> <!-- git.TestGit -->
