<?xml version="1.0" encoding="UTF-8"?>
<!-- Generated by org.testng.reporters.JUnitReportReporter -->
<testsuite hostname="GXNB-PG03THKB" failures="0" tests="272" name="com.salesforce.fordfoundation.SF_Mailing_State" time="5258.135" errors="1" timestamp="2024-11-28T16:33:46 IST" skipped="0">
  <testcase classname="com.salesforce.fordfoundation.SF_Mailing_State" name="getState" time="15.551"/>
  <testcase classname="com.salesforce.fordfoundation.SF_Mailing_State" name="getState" time="18.215"/>
  <testcase classname="com.salesforce.fordfoundation.SF_Mailing_State" name="getState" time="16.922"/>
  <testcase classname="com.salesforce.fordfoundation.SF_Mailing_State" name="getState" time="20.488"/>
  <testcase classname="com.salesforce.fordfoundation.SF_Mailing_State" name="getState" time="17.792"/>
  <testcase classname="com.salesforce.fordfoundation.SF_Mailing_State" name="getState" time="18.552"/>
  <testcase classname="com.salesforce.fordfoundation.SF_Mailing_State" name="getState" time="18.641"/>
  <testcase classname="com.salesforce.fordfoundation.SF_Mailing_State" name="getState" time="15.595"/>
  <testcase classname="com.salesforce.fordfoundation.SF_Mailing_State" name="getState" time="43.727"/>
  <testcase classname="com.salesforce.fordfoundation.SF_Mailing_State" name="getState" time="17.496"/>
  <testcase classname="com.salesforce.fordfoundation.SF_Mailing_State" name="getState" time="17.670"/>
  <testcase classname="com.salesforce.fordfoundation.SF_Mailing_State" name="getState" time="15.573"/>
  <testcase classname="com.salesforce.fordfoundation.SF_Mailing_State" name="getState" time="18.367"/>
  <testcase classname="com.salesforce.fordfoundation.SF_Mailing_State" name="getState" time="26.246"/>
  <testcase classname="com.salesforce.fordfoundation.SF_Mailing_State" name="getState" time="15.589"/>
  <testcase classname="com.salesforce.fordfoundation.SF_Mailing_State" name="getState" time="22.491"/>
  <testcase classname="com.salesforce.fordfoundation.SF_Mailing_State" name="getState" time="20.040"/>
  <testcase classname="com.salesforce.fordfoundation.SF_Mailing_State" name="getState" time="24.380"/>
  <testcase classname="com.salesforce.fordfoundation.SF_Mailing_State" name="getState" time="26.432"/>
  <testcase classname="com.salesforce.fordfoundation.SF_Mailing_State" name="getState" time="18.733"/>
  <testcase classname="com.salesforce.fordfoundation.SF_Mailing_State" name="getState" time="18.318"/>
  <testcase classname="com.salesforce.fordfoundation.SF_Mailing_State" name="getState" time="15.584"/>
  <testcase classname="com.salesforce.fordfoundation.SF_Mailing_State" name="getState" time="26.736"/>
  <testcase classname="com.salesforce.fordfoundation.SF_Mailing_State" name="getState" time="15.546"/>
  <testcase classname="com.salesforce.fordfoundation.SF_Mailing_State" name="getState" time="32.096"/>
  <testcase classname="com.salesforce.fordfoundation.SF_Mailing_State" name="getState" time="20.968"/>
  <testcase classname="com.salesforce.fordfoundation.SF_Mailing_State" name="getState" time="18.154"/>
  <testcase classname="com.salesforce.fordfoundation.SF_Mailing_State" name="getState" time="22.673"/>
  <testcase classname="com.salesforce.fordfoundation.SF_Mailing_State" name="getState" time="17.363"/>
  <testcase classname="com.salesforce.fordfoundation.SF_Mailing_State" name="getState" time="17.164"/>
  <testcase classname="com.salesforce.fordfoundation.SF_Mailing_State" name="getState" time="15.580"/>
  <testcase classname="com.salesforce.fordfoundation.SF_Mailing_State" name="getState" time="15.786"/>
  <testcase classname="com.salesforce.fordfoundation.SF_Mailing_State" name="getState" time="18.882"/>
  <testcase classname="com.salesforce.fordfoundation.SF_Mailing_State" name="getState" time="18.880"/>
  <testcase classname="com.salesforce.fordfoundation.SF_Mailing_State" name="getState" time="17.963"/>
  <testcase classname="com.salesforce.fordfoundation.SF_Mailing_State" name="getState" time="15.524"/>
  <testcase classname="com.salesforce.fordfoundation.SF_Mailing_State" name="getState" time="15.565"/>
  <testcase classname="com.salesforce.fordfoundation.SF_Mailing_State" name="getState" time="30.836"/>
  <testcase classname="com.salesforce.fordfoundation.SF_Mailing_State" name="getState" time="19.074"/>
  <testcase classname="com.salesforce.fordfoundation.SF_Mailing_State" name="getState" time="18.125"/>
  <testcase classname="com.salesforce.fordfoundation.SF_Mailing_State" name="getState" time="16.295"/>
  <testcase classname="com.salesforce.fordfoundation.SF_Mailing_State" name="getState" time="15.535"/>
  <testcase classname="com.salesforce.fordfoundation.SF_Mailing_State" name="getState" time="18.937"/>
  <testcase classname="com.salesforce.fordfoundation.SF_Mailing_State" name="getState" time="15.394"/>
  <testcase classname="com.salesforce.fordfoundation.SF_Mailing_State" name="getState" time="15.398"/>
  <testcase classname="com.salesforce.fordfoundation.SF_Mailing_State" name="getState" time="15.503"/>
  <testcase classname="com.salesforce.fordfoundation.SF_Mailing_State" name="getState" time="22.764"/>
  <testcase classname="com.salesforce.fordfoundation.SF_Mailing_State" name="getState" time="17.916"/>
  <testcase classname="com.salesforce.fordfoundation.SF_Mailing_State" name="getState" time="17.849"/>
  <testcase classname="com.salesforce.fordfoundation.SF_Mailing_State" name="getState" time="25.317"/>
  <testcase classname="com.salesforce.fordfoundation.SF_Mailing_State" name="getState" time="15.614"/>
  <testcase classname="com.salesforce.fordfoundation.SF_Mailing_State" name="getState" time="18.634"/>
  <testcase classname="com.salesforce.fordfoundation.SF_Mailing_State" name="getState" time="18.845"/>
  <testcase classname="com.salesforce.fordfoundation.SF_Mailing_State" name="getState" time="15.577"/>
  <testcase classname="com.salesforce.fordfoundation.SF_Mailing_State" name="getState" time="15.552"/>
  <testcase classname="com.salesforce.fordfoundation.SF_Mailing_State" name="getState" time="15.418"/>
  <testcase classname="com.salesforce.fordfoundation.SF_Mailing_State" name="getState" time="15.534"/>
  <testcase classname="com.salesforce.fordfoundation.SF_Mailing_State" name="getState" time="17.929"/>
  <testcase classname="com.salesforce.fordfoundation.SF_Mailing_State" name="getState" time="16.906"/>
  <testcase classname="com.salesforce.fordfoundation.SF_Mailing_State" name="getState" time="17.427"/>
  <testcase classname="com.salesforce.fordfoundation.SF_Mailing_State" name="getState" time="27.832"/>
  <testcase classname="com.salesforce.fordfoundation.SF_Mailing_State" name="getState" time="19.523"/>
  <testcase classname="com.salesforce.fordfoundation.SF_Mailing_State" name="getState" time="15.541"/>
  <testcase classname="com.salesforce.fordfoundation.SF_Mailing_State" name="getState" time="15.554"/>
  <testcase classname="com.salesforce.fordfoundation.SF_Mailing_State" name="getState" time="15.527"/>
  <testcase classname="com.salesforce.fordfoundation.SF_Mailing_State" name="getState" time="16.447"/>
  <testcase classname="com.salesforce.fordfoundation.SF_Mailing_State" name="getState" time="17.682"/>
  <testcase classname="com.salesforce.fordfoundation.SF_Mailing_State" name="getState" time="21.178"/>
  <testcase classname="com.salesforce.fordfoundation.SF_Mailing_State" name="getState" time="16.306"/>
  <testcase classname="com.salesforce.fordfoundation.SF_Mailing_State" name="getState" time="20.853"/>
  <testcase classname="com.salesforce.fordfoundation.SF_Mailing_State" name="getState" time="15.479"/>
  <testcase classname="com.salesforce.fordfoundation.SF_Mailing_State" name="getState" time="25.651"/>
  <testcase classname="com.salesforce.fordfoundation.SF_Mailing_State" name="getState" time="15.489"/>
  <testcase classname="com.salesforce.fordfoundation.SF_Mailing_State" name="getState" time="46.952"/>
  <testcase classname="com.salesforce.fordfoundation.SF_Mailing_State" name="getState" time="15.527"/>
  <testcase classname="com.salesforce.fordfoundation.SF_Mailing_State" name="getState" time="17.412"/>
  <testcase classname="com.salesforce.fordfoundation.SF_Mailing_State" name="getState" time="15.502"/>
  <testcase classname="com.salesforce.fordfoundation.SF_Mailing_State" name="getState" time="18.402"/>
  <testcase classname="com.salesforce.fordfoundation.SF_Mailing_State" name="getState" time="16.155"/>
  <testcase classname="com.salesforce.fordfoundation.SF_Mailing_State" name="getState" time="15.577"/>
  <testcase classname="com.salesforce.fordfoundation.SF_Mailing_State" name="getState" time="23.935"/>
  <testcase classname="com.salesforce.fordfoundation.SF_Mailing_State" name="getState" time="28.595"/>
  <testcase classname="com.salesforce.fordfoundation.SF_Mailing_State" name="getState" time="16.304"/>
  <testcase classname="com.salesforce.fordfoundation.SF_Mailing_State" name="getState" time="15.584"/>
  <testcase classname="com.salesforce.fordfoundation.SF_Mailing_State" name="getState" time="19.141"/>
  <testcase classname="com.salesforce.fordfoundation.SF_Mailing_State" name="getState" time="51.338"/>
  <testcase classname="com.salesforce.fordfoundation.SF_Mailing_State" name="getState" time="15.609"/>
  <testcase classname="com.salesforce.fordfoundation.SF_Mailing_State" name="getState" time="16.186"/>
  <testcase classname="com.salesforce.fordfoundation.SF_Mailing_State" name="getState" time="21.918"/>
  <testcase classname="com.salesforce.fordfoundation.SF_Mailing_State" name="getState" time="23.238"/>
  <testcase classname="com.salesforce.fordfoundation.SF_Mailing_State" name="getState" time="19.560"/>
  <testcase classname="com.salesforce.fordfoundation.SF_Mailing_State" name="getState" time="16.544"/>
  <testcase classname="com.salesforce.fordfoundation.SF_Mailing_State" name="getState" time="36.057"/>
  <testcase classname="com.salesforce.fordfoundation.SF_Mailing_State" name="getState" time="25.808"/>
  <testcase classname="com.salesforce.fordfoundation.SF_Mailing_State" name="getState" time="15.553"/>
  <testcase classname="com.salesforce.fordfoundation.SF_Mailing_State" name="getState" time="15.548"/>
  <testcase classname="com.salesforce.fordfoundation.SF_Mailing_State" name="getState" time="15.589"/>
  <testcase classname="com.salesforce.fordfoundation.SF_Mailing_State" name="getState" time="15.556"/>
  <testcase classname="com.salesforce.fordfoundation.SF_Mailing_State" name="getState" time="17.068"/>
  <testcase classname="com.salesforce.fordfoundation.SF_Mailing_State" name="getState" time="18.077"/>
  <testcase classname="com.salesforce.fordfoundation.SF_Mailing_State" name="getState" time="17.125"/>
  <testcase classname="com.salesforce.fordfoundation.SF_Mailing_State" name="getState" time="16.289"/>
  <testcase classname="com.salesforce.fordfoundation.SF_Mailing_State" name="getState" time="19.681"/>
  <testcase classname="com.salesforce.fordfoundation.SF_Mailing_State" name="getState" time="15.539"/>
  <testcase classname="com.salesforce.fordfoundation.SF_Mailing_State" name="getState" time="22.382"/>
  <testcase classname="com.salesforce.fordfoundation.SF_Mailing_State" name="getState" time="25.572"/>
  <testcase classname="com.salesforce.fordfoundation.SF_Mailing_State" name="getState" time="15.593"/>
  <testcase classname="com.salesforce.fordfoundation.SF_Mailing_State" name="getState" time="15.569"/>
  <testcase classname="com.salesforce.fordfoundation.SF_Mailing_State" name="getState" time="22.864"/>
  <testcase classname="com.salesforce.fordfoundation.SF_Mailing_State" name="getState" time="19.460"/>
  <testcase classname="com.salesforce.fordfoundation.SF_Mailing_State" name="getState" time="22.578"/>
  <testcase classname="com.salesforce.fordfoundation.SF_Mailing_State" name="getState" time="19.660"/>
  <testcase classname="com.salesforce.fordfoundation.SF_Mailing_State" name="getState" time="15.525"/>
  <testcase classname="com.salesforce.fordfoundation.SF_Mailing_State" name="getState" time="17.375"/>
  <testcase classname="com.salesforce.fordfoundation.SF_Mailing_State" name="getState" time="16.315"/>
  <testcase classname="com.salesforce.fordfoundation.SF_Mailing_State" name="getState" time="15.556"/>
  <testcase classname="com.salesforce.fordfoundation.SF_Mailing_State" name="getState" time="15.536"/>
  <testcase classname="com.salesforce.fordfoundation.SF_Mailing_State" name="getState" time="21.213"/>
  <testcase classname="com.salesforce.fordfoundation.SF_Mailing_State" name="getState" time="20.436"/>
  <testcase classname="com.salesforce.fordfoundation.SF_Mailing_State" name="getState" time="16.289"/>
  <testcase classname="com.salesforce.fordfoundation.SF_Mailing_State" name="getState" time="20.018"/>
  <testcase classname="com.salesforce.fordfoundation.SF_Mailing_State" name="getState" time="34.792"/>
  <testcase classname="com.salesforce.fordfoundation.SF_Mailing_State" name="getState" time="22.360"/>
  <testcase classname="com.salesforce.fordfoundation.SF_Mailing_State" name="getState" time="32.713"/>
  <testcase classname="com.salesforce.fordfoundation.SF_Mailing_State" name="getState" time="16.740"/>
  <testcase classname="com.salesforce.fordfoundation.SF_Mailing_State" name="getState" time="33.326"/>
  <testcase classname="com.salesforce.fordfoundation.SF_Mailing_State" name="getState" time="16.111"/>
  <testcase classname="com.salesforce.fordfoundation.SF_Mailing_State" name="getState" time="16.302"/>
  <testcase classname="com.salesforce.fordfoundation.SF_Mailing_State" name="getState" time="20.082"/>
  <testcase classname="com.salesforce.fordfoundation.SF_Mailing_State" name="getState" time="15.484"/>
  <testcase classname="com.salesforce.fordfoundation.SF_Mailing_State" name="getState" time="15.571"/>
  <testcase classname="com.salesforce.fordfoundation.SF_Mailing_State" name="getState" time="17.061"/>
  <testcase classname="com.salesforce.fordfoundation.SF_Mailing_State" name="getState" time="15.544"/>
  <testcase classname="com.salesforce.fordfoundation.SF_Mailing_State" name="getState" time="20.822"/>
  <testcase classname="com.salesforce.fordfoundation.SF_Mailing_State" name="getState" time="19.917"/>
  <testcase classname="com.salesforce.fordfoundation.SF_Mailing_State" name="getState" time="15.541"/>
  <testcase classname="com.salesforce.fordfoundation.SF_Mailing_State" name="getState" time="20.905"/>
  <testcase classname="com.salesforce.fordfoundation.SF_Mailing_State" name="getState" time="19.430"/>
  <testcase classname="com.salesforce.fordfoundation.SF_Mailing_State" name="getState" time="15.557"/>
  <testcase classname="com.salesforce.fordfoundation.SF_Mailing_State" name="getState" time="15.846"/>
  <testcase classname="com.salesforce.fordfoundation.SF_Mailing_State" name="getState" time="49.477"/>
  <testcase classname="com.salesforce.fordfoundation.SF_Mailing_State" name="getState" time="15.495"/>
  <testcase classname="com.salesforce.fordfoundation.SF_Mailing_State" name="getState" time="15.513"/>
  <testcase classname="com.salesforce.fordfoundation.SF_Mailing_State" name="getState" time="17.212"/>
  <testcase classname="com.salesforce.fordfoundation.SF_Mailing_State" name="getState" time="17.821"/>
  <testcase classname="com.salesforce.fordfoundation.SF_Mailing_State" name="getState" time="32.447"/>
  <testcase classname="com.salesforce.fordfoundation.SF_Mailing_State" name="getState" time="20.655"/>
  <testcase classname="com.salesforce.fordfoundation.SF_Mailing_State" name="getState" time="15.508"/>
  <testcase classname="com.salesforce.fordfoundation.SF_Mailing_State" name="getState" time="15.506"/>
  <testcase classname="com.salesforce.fordfoundation.SF_Mailing_State" name="getState" time="15.546"/>
  <testcase classname="com.salesforce.fordfoundation.SF_Mailing_State" name="getState" time="19.810"/>
  <testcase classname="com.salesforce.fordfoundation.SF_Mailing_State" name="getState" time="18.553"/>
  <testcase classname="com.salesforce.fordfoundation.SF_Mailing_State" name="getState" time="20.393"/>
  <testcase classname="com.salesforce.fordfoundation.SF_Mailing_State" name="getState" time="15.490"/>
  <testcase classname="com.salesforce.fordfoundation.SF_Mailing_State" name="getState" time="19.551"/>
  <testcase classname="com.salesforce.fordfoundation.SF_Mailing_State" name="getState" time="17.523"/>
  <testcase classname="com.salesforce.fordfoundation.SF_Mailing_State" name="getState" time="17.518"/>
  <testcase classname="com.salesforce.fordfoundation.SF_Mailing_State" name="getState" time="27.748"/>
  <testcase classname="com.salesforce.fordfoundation.SF_Mailing_State" name="getState" time="16.827"/>
  <testcase classname="com.salesforce.fordfoundation.SF_Mailing_State" name="getState" time="22.592"/>
  <testcase classname="com.salesforce.fordfoundation.SF_Mailing_State" name="getState" time="25.494"/>
  <testcase classname="com.salesforce.fordfoundation.SF_Mailing_State" name="getState" time="15.550"/>
  <testcase classname="com.salesforce.fordfoundation.SF_Mailing_State" name="getState" time="17.967"/>
  <testcase classname="com.salesforce.fordfoundation.SF_Mailing_State" name="getState" time="15.549"/>
  <testcase classname="com.salesforce.fordfoundation.SF_Mailing_State" name="getState" time="18.085"/>
  <testcase classname="com.salesforce.fordfoundation.SF_Mailing_State" name="getState" time="15.587"/>
  <testcase classname="com.salesforce.fordfoundation.SF_Mailing_State" name="getState" time="17.312"/>
  <testcase classname="com.salesforce.fordfoundation.SF_Mailing_State" name="getState" time="15.590"/>
  <testcase classname="com.salesforce.fordfoundation.SF_Mailing_State" name="getState" time="23.601"/>
  <testcase classname="com.salesforce.fordfoundation.SF_Mailing_State" name="getState" time="15.552"/>
  <testcase classname="com.salesforce.fordfoundation.SF_Mailing_State" name="getState" time="16.808"/>
  <testcase classname="com.salesforce.fordfoundation.SF_Mailing_State" name="getState" time="15.645"/>
  <testcase classname="com.salesforce.fordfoundation.SF_Mailing_State" name="getState" time="16.893"/>
  <testcase classname="com.salesforce.fordfoundation.SF_Mailing_State" name="getState" time="18.165"/>
  <testcase classname="com.salesforce.fordfoundation.SF_Mailing_State" name="getState" time="17.673"/>
  <testcase classname="com.salesforce.fordfoundation.SF_Mailing_State" name="getState" time="18.464"/>
  <testcase classname="com.salesforce.fordfoundation.SF_Mailing_State" name="getState" time="16.096"/>
  <testcase classname="com.salesforce.fordfoundation.SF_Mailing_State" name="getState" time="15.492"/>
  <testcase classname="com.salesforce.fordfoundation.SF_Mailing_State" name="getState" time="18.359"/>
  <testcase classname="com.salesforce.fordfoundation.SF_Mailing_State" name="getState" time="15.500"/>
  <testcase classname="com.salesforce.fordfoundation.SF_Mailing_State" name="getState" time="19.259"/>
  <testcase classname="com.salesforce.fordfoundation.SF_Mailing_State" name="getState" time="19.100"/>
  <testcase classname="com.salesforce.fordfoundation.SF_Mailing_State" name="getState" time="21.255"/>
  <testcase classname="com.salesforce.fordfoundation.SF_Mailing_State" name="getState" time="20.051"/>
  <testcase classname="com.salesforce.fordfoundation.SF_Mailing_State" name="getState" time="23.809"/>
  <testcase classname="com.salesforce.fordfoundation.SF_Mailing_State" name="getState" time="17.607"/>
  <testcase classname="com.salesforce.fordfoundation.SF_Mailing_State" name="getState" time="15.492"/>
  <testcase classname="com.salesforce.fordfoundation.SF_Mailing_State" name="getState" time="21.064"/>
  <testcase classname="com.salesforce.fordfoundation.SF_Mailing_State" name="getState" time="27.278"/>
  <testcase classname="com.salesforce.fordfoundation.SF_Mailing_State" name="getState" time="18.130"/>
  <testcase classname="com.salesforce.fordfoundation.SF_Mailing_State" name="getState" time="18.353"/>
  <testcase classname="com.salesforce.fordfoundation.SF_Mailing_State" name="getState" time="15.483"/>
  <testcase classname="com.salesforce.fordfoundation.SF_Mailing_State" name="getState" time="18.648"/>
  <testcase classname="com.salesforce.fordfoundation.SF_Mailing_State" name="getState" time="15.536"/>
  <testcase classname="com.salesforce.fordfoundation.SF_Mailing_State" name="getState" time="63.957"/>
  <testcase classname="com.salesforce.fordfoundation.SF_Mailing_State" name="getState" time="15.542"/>
  <testcase classname="com.salesforce.fordfoundation.SF_Mailing_State" name="getState" time="15.770"/>
  <testcase classname="com.salesforce.fordfoundation.SF_Mailing_State" name="getState" time="18.118"/>
  <testcase classname="com.salesforce.fordfoundation.SF_Mailing_State" name="getState" time="20.014"/>
  <testcase classname="com.salesforce.fordfoundation.SF_Mailing_State" name="getState" time="51.541"/>
  <testcase classname="com.salesforce.fordfoundation.SF_Mailing_State" name="getState" time="17.520"/>
  <testcase classname="com.salesforce.fordfoundation.SF_Mailing_State" name="getState" time="18.340"/>
  <testcase classname="com.salesforce.fordfoundation.SF_Mailing_State" name="getState" time="23.652"/>
  <testcase classname="com.salesforce.fordfoundation.SF_Mailing_State" name="getState" time="21.366"/>
  <testcase classname="com.salesforce.fordfoundation.SF_Mailing_State" name="getState" time="22.721"/>
  <testcase classname="com.salesforce.fordfoundation.SF_Mailing_State" name="getState" time="15.489"/>
  <testcase classname="com.salesforce.fordfoundation.SF_Mailing_State" name="getState" time="19.557"/>
  <testcase classname="com.salesforce.fordfoundation.SF_Mailing_State" name="getState" time="15.504"/>
  <testcase classname="com.salesforce.fordfoundation.SF_Mailing_State" name="getState" time="17.359"/>
  <testcase classname="com.salesforce.fordfoundation.SF_Mailing_State" name="getState" time="21.383"/>
  <testcase classname="com.salesforce.fordfoundation.SF_Mailing_State" name="getState" time="15.565"/>
  <testcase classname="com.salesforce.fordfoundation.SF_Mailing_State" name="getState" time="38.915"/>
  <testcase classname="com.salesforce.fordfoundation.SF_Mailing_State" name="getState" time="19.045"/>
  <testcase classname="com.salesforce.fordfoundation.SF_Mailing_State" name="getState" time="15.489"/>
  <testcase classname="com.salesforce.fordfoundation.SF_Mailing_State" name="getState" time="23.882"/>
  <testcase classname="com.salesforce.fordfoundation.SF_Mailing_State" name="getState" time="20.478"/>
  <testcase classname="com.salesforce.fordfoundation.SF_Mailing_State" name="getState" time="20.878"/>
  <testcase classname="com.salesforce.fordfoundation.SF_Mailing_State" name="getState" time="15.518"/>
  <testcase classname="com.salesforce.fordfoundation.SF_Mailing_State" name="getState" time="15.527"/>
  <testcase classname="com.salesforce.fordfoundation.SF_Mailing_State" name="getState" time="16.120"/>
  <testcase classname="com.salesforce.fordfoundation.SF_Mailing_State" name="getState" time="17.159"/>
  <testcase classname="com.salesforce.fordfoundation.SF_Mailing_State" name="getState" time="18.030"/>
  <testcase classname="com.salesforce.fordfoundation.SF_Mailing_State" name="getState" time="17.047"/>
  <testcase classname="com.salesforce.fordfoundation.SF_Mailing_State" name="getState" time="15.502"/>
  <testcase classname="com.salesforce.fordfoundation.SF_Mailing_State" name="getState" time="15.531"/>
  <testcase classname="com.salesforce.fordfoundation.SF_Mailing_State" name="getState" time="17.582"/>
  <testcase classname="com.salesforce.fordfoundation.SF_Mailing_State" name="getState" time="17.356"/>
  <testcase classname="com.salesforce.fordfoundation.SF_Mailing_State" name="getState" time="28.575"/>
  <testcase classname="com.salesforce.fordfoundation.SF_Mailing_State" name="getState" time="17.945"/>
  <testcase classname="com.salesforce.fordfoundation.SF_Mailing_State" name="getState" time="17.545"/>
  <testcase classname="com.salesforce.fordfoundation.SF_Mailing_State" name="getState" time="19.006"/>
  <testcase classname="com.salesforce.fordfoundation.SF_Mailing_State" name="getState" time="22.111"/>
  <testcase classname="com.salesforce.fordfoundation.SF_Mailing_State" name="getState" time="15.549"/>
  <testcase classname="com.salesforce.fordfoundation.SF_Mailing_State" name="getState" time="17.546"/>
  <testcase classname="com.salesforce.fordfoundation.SF_Mailing_State" name="getState" time="0.083">
    <error message="invalid selector
from javascript error: {&quot;status&quot;:32,&quot;value&quot;:&quot;Unable to locate an element with the xpath expression //lightning-base-combobox-item//span//span[text()=&#039;Cote d&#039;Ivoire&#039;] because of the following error:\nSyntaxError: Failed to execute &#039;evaluate&#039; on &#039;Document&#039;: The string &#039;//lightning-base-combobox-item//span//span[text()=&#039;Cote d&#039;Ivoire&#039;]&#039; is not a valid XPath expression.&quot;}
  (Session info: chrome=131.0.6778.86)
For documentation on this error, please visit: https://www.selenium.dev/documentation/webdriver/troubleshooting/errors#invalid-selector-exception
Build info: version: &#039;4.18.1&#039;, revision: &#039;b1d3319b48&#039;
System info: os.name: &#039;Windows 11&#039;, os.arch: &#039;amd64&#039;, os.version: &#039;10.0&#039;, java.version: &#039;22.0.1&#039;
Driver info: org.openqa.selenium.chrome.ChromeDriver
Command: [886de06b47d47a2ef0668b70ecb9a637, findElement {using=xpath, value=//lightning-base-combobox-item//span//span[text()=&#039;Cote d&#039;Ivoire&#039;]}]
Capabilities {acceptInsecureCerts: false, browserName: chrome, browserVersion: 131.0.6778.86, chrome: {chromedriverVersion: 131.0.6778.85 (3d81e41b6f3a..., userDataDir: C:\Users\KRAVIK~1\AppData\L...}, fedcm:accounts: true, goog:chromeOptions: {debuggerAddress: localhost:52800}, networkConnectionEnabled: false, pageLoadStrategy: normal, platformName: windows, proxy: Proxy(), se:cdp: ws://localhost:52800/devtoo..., se:cdpVersion: 131.0.6778.86, setWindowRect: true, strictFileInteractability: false, timeouts: {implicit: 0, pageLoad: 300000, script: 30000}, unhandledPromptBehavior: dismiss and notify, webauthn:extension:credBlob: true, webauthn:extension:largeBlob: true, webauthn:extension:minPinLength: true, webauthn:extension:prf: true, webauthn:virtualAuthenticators: true}
Session ID: 886de06b47d47a2ef0668b70ecb9a637" type="org.openqa.selenium.InvalidSelectorException">
      <![CDATA[org.openqa.selenium.InvalidSelectorException: invalid selector
from javascript error: {"status":32,"value":"Unable to locate an element with the xpath expression //lightning-base-combobox-item//span//span[text()='Cote d'Ivoire'] because of the following error:\nSyntaxError: Failed to execute 'evaluate' on 'Document': The string '//lightning-base-combobox-item//span//span[text()='Cote d'Ivoire']' is not a valid XPath expression."}
  (Session info: chrome=131.0.6778.86)
For documentation on this error, please visit: https://www.selenium.dev/documentation/webdriver/troubleshooting/errors#invalid-selector-exception
Build info: version: '4.18.1', revision: 'b1d3319b48'
System info: os.name: 'Windows 11', os.arch: 'amd64', os.version: '10.0', java.version: '22.0.1'
Driver info: org.openqa.selenium.chrome.ChromeDriver
Command: [886de06b47d47a2ef0668b70ecb9a637, findElement {using=xpath, value=//lightning-base-combobox-item//span//span[text()='Cote d'Ivoire']}]
Capabilities {acceptInsecureCerts: false, browserName: chrome, browserVersion: 131.0.6778.86, chrome: {chromedriverVersion: 131.0.6778.85 (3d81e41b6f3a..., userDataDir: C:\Users\KRAVIK~1\AppData\L...}, fedcm:accounts: true, goog:chromeOptions: {debuggerAddress: localhost:52800}, networkConnectionEnabled: false, pageLoadStrategy: normal, platformName: windows, proxy: Proxy(), se:cdp: ws://localhost:52800/devtoo..., se:cdpVersion: 131.0.6778.86, setWindowRect: true, strictFileInteractability: false, timeouts: {implicit: 0, pageLoad: 300000, script: 30000}, unhandledPromptBehavior: dismiss and notify, webauthn:extension:credBlob: true, webauthn:extension:largeBlob: true, webauthn:extension:minPinLength: true, webauthn:extension:prf: true, webauthn:virtualAuthenticators: true}
Session ID: 886de06b47d47a2ef0668b70ecb9a637
at java.base/jdk.internal.reflect.DirectConstructorHandleAccessor.newInstance(DirectConstructorHandleAccessor.java:62)
at java.base/java.lang.reflect.Constructor.newInstanceWithCaller(Constructor.java:502)
at java.base/java.lang.reflect.Constructor.newInstance(Constructor.java:486)
at org.openqa.selenium.remote.ErrorCodec.decode(ErrorCodec.java:167)
at org.openqa.selenium.remote.codec.w3c.W3CHttpResponseCodec.decode(W3CHttpResponseCodec.java:138)
at org.openqa.selenium.remote.codec.w3c.W3CHttpResponseCodec.decode(W3CHttpResponseCodec.java:50)
at org.openqa.selenium.remote.HttpCommandExecutor.execute(HttpCommandExecutor.java:190)
at org.openqa.selenium.remote.service.DriverCommandExecutor.invokeExecute(DriverCommandExecutor.java:216)
at org.openqa.selenium.remote.service.DriverCommandExecutor.execute(DriverCommandExecutor.java:174)
at org.openqa.selenium.remote.RemoteWebDriver.execute(RemoteWebDriver.java:519)
at org.openqa.selenium.remote.ElementLocation$ElementFinder$2.findElement(ElementLocation.java:165)
at org.openqa.selenium.remote.ElementLocation.findElement(ElementLocation.java:59)
at org.openqa.selenium.remote.RemoteWebDriver.findElement(RemoteWebDriver.java:356)
at org.openqa.selenium.remote.RemoteWebDriver.findElement(RemoteWebDriver.java:350)
at com.salesforce.fordfoundation.SF_Mailing_State.getState(SF_Mailing_State.java:128)
at java.base/jdk.internal.reflect.DirectMethodHandleAccessor.invoke(DirectMethodHandleAccessor.java:103)
at java.base/java.lang.reflect.Method.invoke(Method.java:580)
at org.testng.internal.invokers.MethodInvocationHelper.invokeMethod(MethodInvocationHelper.java:141)
at org.testng.internal.invokers.TestInvoker.invokeMethod(TestInvoker.java:686)
at org.testng.internal.invokers.TestInvoker.invokeTestMethod(TestInvoker.java:230)
at org.testng.internal.invokers.MethodRunner.runInSequence(MethodRunner.java:63)
at org.testng.internal.invokers.TestInvoker$MethodInvocationAgent.invoke(TestInvoker.java:992)
at org.testng.internal.invokers.TestInvoker.invokeTestMethods(TestInvoker.java:203)
at org.testng.internal.invokers.TestMethodWorker.invokeTestMethods(TestMethodWorker.java:154)
at org.testng.internal.invokers.TestMethodWorker.run(TestMethodWorker.java:134)
at java.base/java.util.ArrayList.forEach(ArrayList.java:1597)
at org.testng.TestRunner.privateRun(TestRunner.java:739)
at org.testng.TestRunner.run(TestRunner.java:614)
at org.testng.SuiteRunner.runTest(SuiteRunner.java:421)
at org.testng.SuiteRunner.runSequentially(SuiteRunner.java:413)
at org.testng.SuiteRunner.privateRun(SuiteRunner.java:373)
at org.testng.SuiteRunner.run(SuiteRunner.java:312)
at org.testng.SuiteRunnerWorker.runSuite(SuiteRunnerWorker.java:52)
at org.testng.SuiteRunnerWorker.run(SuiteRunnerWorker.java:95)
at org.testng.TestNG.runSuitesSequentially(TestNG.java:1274)
at org.testng.TestNG.runSuitesLocally(TestNG.java:1208)
at org.testng.TestNG.runSuites(TestNG.java:1112)
at org.testng.TestNG.run(TestNG.java:1079)
at org.testng.remote.AbstractRemoteTestNG.run(AbstractRemoteTestNG.java:115)
at org.testng.remote.RemoteTestNG.initAndRun(RemoteTestNG.java:293)
at org.testng.remote.RemoteTestNG.main(RemoteTestNG.java:91)
]]>
    </error>
  </testcase> <!-- getState -->
  <testcase classname="com.salesforce.fordfoundation.SF_Mailing_State" name="getState" time="15.525"/>
  <testcase classname="com.salesforce.fordfoundation.SF_Mailing_State" name="getState" time="15.635"/>
  <testcase classname="com.salesforce.fordfoundation.SF_Mailing_State" name="getState" time="15.636"/>
  <testcase classname="com.salesforce.fordfoundation.SF_Mailing_State" name="getState" time="15.529"/>
  <testcase classname="com.salesforce.fordfoundation.SF_Mailing_State" name="getState" time="15.560"/>
  <testcase classname="com.salesforce.fordfoundation.SF_Mailing_State" name="getState" time="16.574"/>
  <testcase classname="com.salesforce.fordfoundation.SF_Mailing_State" name="getState" time="15.508"/>
  <testcase classname="com.salesforce.fordfoundation.SF_Mailing_State" name="getState" time="23.605"/>
  <testcase classname="com.salesforce.fordfoundation.SF_Mailing_State" name="getState" time="17.101"/>
  <testcase classname="com.salesforce.fordfoundation.SF_Mailing_State" name="getState" time="15.544"/>
  <testcase classname="com.salesforce.fordfoundation.SF_Mailing_State" name="getState" time="15.586"/>
  <testcase classname="com.salesforce.fordfoundation.SF_Mailing_State" name="getState" time="18.350"/>
  <testcase classname="com.salesforce.fordfoundation.SF_Mailing_State" name="getState" time="17.008"/>
  <testcase classname="com.salesforce.fordfoundation.SF_Mailing_State" name="getState" time="15.542"/>
  <testcase classname="com.salesforce.fordfoundation.SF_Mailing_State" name="getState" time="15.384"/>
  <testcase classname="com.salesforce.fordfoundation.SF_Mailing_State" name="getState" time="15.527"/>
  <testcase classname="com.salesforce.fordfoundation.SF_Mailing_State" name="getState" time="15.576"/>
  <testcase classname="com.salesforce.fordfoundation.SF_Mailing_State" name="getState" time="15.581"/>
  <testcase classname="com.salesforce.fordfoundation.SF_Mailing_State" name="getState" time="23.357"/>
  <testcase classname="com.salesforce.fordfoundation.SF_Mailing_State" name="getState" time="18.620"/>
  <testcase classname="com.salesforce.fordfoundation.SF_Mailing_State" name="getState" time="19.745"/>
  <testcase classname="com.salesforce.fordfoundation.SF_Mailing_State" name="getState" time="15.528"/>
  <testcase classname="com.salesforce.fordfoundation.SF_Mailing_State" name="getState" time="15.511"/>
  <testcase classname="com.salesforce.fordfoundation.SF_Mailing_State" name="getState" time="15.577"/>
  <testcase classname="com.salesforce.fordfoundation.SF_Mailing_State" name="getState" time="19.396"/>
  <testcase classname="com.salesforce.fordfoundation.SF_Mailing_State" name="getState" time="15.541"/>
  <testcase classname="com.salesforce.fordfoundation.SF_Mailing_State" name="getState" time="19.872"/>
  <testcase classname="com.salesforce.fordfoundation.SF_Mailing_State" name="getState" time="19.474"/>
  <testcase classname="com.salesforce.fordfoundation.SF_Mailing_State" name="getState" time="18.089"/>
  <testcase classname="com.salesforce.fordfoundation.SF_Mailing_State" name="getState" time="15.588"/>
  <testcase classname="com.salesforce.fordfoundation.SF_Mailing_State" name="getState" time="25.006"/>
  <testcase classname="com.salesforce.fordfoundation.SF_Mailing_State" name="getState" time="19.047"/>
  <testcase classname="com.salesforce.fordfoundation.SF_Mailing_State" name="getState" time="17.377"/>
  <testcase classname="com.salesforce.fordfoundation.SF_Mailing_State" name="getState" time="23.676"/>
  <testcase classname="com.salesforce.fordfoundation.SF_Mailing_State" name="getState" time="16.349"/>
  <testcase classname="com.salesforce.fordfoundation.SF_Mailing_State" name="getState" time="22.164"/>
  <testcase classname="com.salesforce.fordfoundation.SF_Mailing_State" name="getState" time="17.861"/>
</testsuite> <!-- com.salesforce.fordfoundation.SF_Mailing_State -->
