<?xml version="1.0" encoding="UTF-8"?>
<!-- Generated by org.testng.reporters.JUnitReportReporter -->
<testsuite hostname="GXNB-PG03THKB" failures="0" tests="1" name="com.fordfoundation.salesforce.SF_Mailing_State" time="45.677" errors="0" timestamp="2024-05-15T18:08:40 IST" skipped="0">
  <testcase classname="com.fordfoundation.salesforce.SF_Mailing_State" name="getState" time="45.677"/>
</testsuite> <!-- com.fordfoundation.salesforce.SF_Mailing_State -->
