<?xml version="1.0" encoding="UTF-8"?>
<!-- Generated by org.testng.reporters.JUnitReportReporter -->
<testsuite hostname="GBLNB-PG034KGC" failures="0" tests="1" name="com.galaxe.base.TestBase" time="92.872" errors="0" timestamp="2022-11-22T17:46:37 IST" skipped="0">
  <testcase classname="com.galaxe.base.TestBase" name="test" time="92.872"/>
  <system-out/>
</testsuite> <!-- com.galaxe.base.TestBase -->
