<?xml version="1.0" encoding="UTF-8"?>
<!-- Generated by org.testng.reporters.JUnitReportReporter -->
<testsuite hostname="GBLNB-PG034KGC" failures="0" tests="4" name="com.galaxe.TestCase.TC008_LOGIN_POST" time="12.045" errors="0" timestamp="2022-11-23T14:17:46 IST" skipped="0">
  <testcase classname="com.galaxe.TestCase.TC008_LOGIN_POST" name="checkStatusLine" time="3.004"/>
  <system-out/>
  <testcase classname="com.galaxe.TestCase.TC008_LOGIN_POST" name="checkStatusCode" time="3.008"/>
  <system-out/>
  <testcase classname="com.galaxe.TestCase.TC008_LOGIN_POST" name="checkResponseBody" time="3.029"/>
  <system-out/>
  <testcase classname="com.galaxe.TestCase.TC008_LOGIN_POST" name="checkServerType" time="3.004"/>
  <system-out/>
</testsuite> <!-- com.galaxe.TestCase.TC008_LOGIN_POST -->
