<?xml version="1.0" encoding="UTF-8"?>
<!-- Generated by org.testng.reporters.JUnitReportReporter -->
<testsuite hostname="GBLNB-PG034KGC" failures="0" tests="1" name="parallel_execution.Class2" time="14.073" errors="0" timestamp="2022-12-02T11:32:27 IST" skipped="0">
  <testcase classname="parallel_execution.Class2" name="Method2" time="14.073"/>
  <system-out/>
</testsuite> <!-- parallel_execution.Class2 -->
