<?xml version="1.0" encoding="UTF-8"?>
<!-- Generated by org.testng.reporters.JUnitReportReporter -->
<testsuite hostname="GBLNB-PG034KGC" failures="0" tests="3" name="com.galaxe.advsel.DataProviderTest" time="0.008" errors="0" timestamp="2022-11-28T16:33:44 IST" skipped="0">
  <testcase classname="com.galaxe.advsel.DataProviderTest" name="dtest" time="0.006"/>
  <system-out/>
  <testcase classname="com.galaxe.advsel.DataProviderTest" name="dtest" time="0.001"/>
  <system-out/>
  <testcase classname="com.galaxe.advsel.DataProviderTest" name="dtest" time="0.001"/>
  <system-out/>
</testsuite> <!-- com.galaxe.advsel.DataProviderTest -->
