<?xml version="1.0" encoding="UTF-8"?>
<!-- Generated by org.testng.reporters.JUnitReportReporter -->
<testsuite hostname="GBLNB-PG034KGC" failures="0" tests="1" name="parallel_execution.Class1" time="7.916" errors="0" timestamp="2022-12-02T11:38:41 IST" skipped="0">
  <testcase classname="parallel_execution.Class1" name="Method1" time="7.916"/>
  <system-out/>
</testsuite> <!-- parallel_execution.Class1 -->
