<?xml version="1.0" encoding="UTF-8"?>
<!-- Generated by org.testng.reporters.JUnitReportReporter -->
<testsuite hostname="GBLNB-PG034KGC" failures="0" tests="1" name="com.galaxe.advsel.AppTest" time="0.015" errors="0" timestamp="2022-12-02T11:38:08 IST" skipped="0">
  <testcase classname="com.galaxe.advsel.AppTest" name="test" time="0.015"/>
  <system-out/>
</testsuite> <!-- com.galaxe.advsel.AppTest -->
