<?xml version="1.0" encoding="UTF-8"?>
<!-- Generated by org.testng.reporters.JUnitReportReporter -->
<testsuite hostname="GBLNB-PG034KGC" failures="0" tests="1" name="mp.AppTest" time="0.018" errors="0" timestamp="2022-11-07T16:49:24 IST" skipped="0">
  <testcase classname="mp.AppTest" name="testlogin1" time="0.018"/>
  <system-out/>
</testsuite> <!-- mp.AppTest -->
