<?xml version="1.0" encoding="UTF-8"?>
<!-- Generated by org.testng.reporters.JUnitReportReporter -->
<testsuite hostname="GXNB-PG03THKB" failures="0" tests="1" name="optionalExample.CreateOptionalObjectsExample" time="0.019" errors="0" timestamp="2024-09-12T00:26:33 IST" skipped="0">
  <testcase classname="optionalExample.CreateOptionalObjectsExample" name="usingOfNullable" time="0.019"/>
  <system-out/>
</testsuite> <!-- optionalExample.CreateOptionalObjectsExample -->
