<?xml version="1.0" encoding="UTF-8"?>
<!-- Generated by org.testng.reporters.JUnitReportReporter -->
<testsuite hostname="GXNB-PG03THKB" failures="0" tests="3" name="optionalExample.CreateOptionalObjectExample" time="0.020" errors="0" timestamp="2024-09-12T00:19:10 IST" skipped="0">
  <testcase classname="optionalExample.CreateOptionalObjectExample" name="usingEmpty" time="0.019"/>
  <system-out/>
  <testcase classname="optionalExample.CreateOptionalObjectExample" name="usingOfNullable" time="0.000"/>
  <system-out/>
  <testcase classname="optionalExample.CreateOptionalObjectExample" name="usingOf" time="0.001"/>
  <system-out/>
</testsuite> <!-- optionalExample.CreateOptionalObjectExample -->
