<?xml version="1.0" encoding="UTF-8"?>
<!-- Generated by org.testng.reporters.JUnitReportReporter -->
<testsuite hostname="GBLNB-PG034KGC" failures="0" tests="1" name="orange.mainfile_13" time="104.121" errors="0" timestamp="2022-10-30T13:28:50 IST" skipped="0">
  <testcase classname="orange.mainfile_13" name="test" time="104.121"/>
  <system-out>
    <![CDATA[Charles Haywire:  Interview Failed
Jennifer Clinton:  Rejected
Chris Harris:  Application Initiated
Peter Smith:  Rejected
Jo Denton:  Application Initiated]]>
  </system-out>
</testsuite> <!-- orange.mainfile_13 -->
