<?xml version="1.0" encoding="UTF-8"?>
<!-- Generated by org.testng.reporters.JUnitReportReporter -->
<testsuite hostname="GBLNB-PG034KGC" failures="0" tests="1" name="quikr.Quick" time="33.225" errors="0" timestamp="2022-11-08T10:47:39 IST" skipped="0">
  <testcase classname="quikr.Quick" name="test" time="33.225"/>
  <system-out>
    <![CDATA[Amount:â‚¹500
Ad Id:361863176
Brand:Nikon]]>
  </system-out>
</testsuite> <!-- quikr.Quick -->
