<?xml version="1.0" encoding="UTF-8"?>
<!-- Generated by org.testng.reporters.JUnitReportReporter -->
<testsuite hostname="GBLNB-PG034KGC" failures="0" tests="1" name="TestNG.TestInitialize" time="0.009" errors="0" timestamp="2022-10-20T11:08:18 IST" skipped="0">
  <testcase classname="TestNG.TestInitialize" name="f" time="0.009"/>
  <system-out/>
</testsuite> <!-- TestNG.TestInitialize -->
