<?xml version="1.0" encoding="UTF-8"?>
<!-- Generated by org.testng.reporters.JUnitReportReporter -->
<testsuite hostname="GXNB-PF2ZKZ58" failures="0" tests="1" name="api_test2.Reqres_TC002_GET" time="2.164" errors="0" timestamp="2023-06-08T18:08:25 IST" skipped="0">
  <testcase classname="api_test2.Reqres_TC002_GET" name="singleuser" time="2.164"/>
  <system-out/>
</testsuite> <!-- api_test2.Reqres_TC002_GET -->
