<?xml version="1.0" encoding="UTF-8"?>
<!-- Generated by org.testng.reporters.JUnitReportReporter -->
<testsuite hostname="GBLNB-PG034KGC" failures="0" tests="1" name="api_test.TC004_GET_PrintAllHeaders" time="2.496" errors="0" timestamp="2022-11-09T14:47:41 IST" skipped="0">
  <testcase classname="api_test.TC004_GET_PrintAllHeaders" name="printAllHeaders" time="2.496"/>
  <system-out/>
</testsuite> <!-- api_test.TC004_GET_PrintAllHeaders -->
