<?xml version="1.0" encoding="UTF-8"?>
<!-- Generated by org.testng.reporters.JUnitReportReporter -->
<testsuite hostname="GBLNB-PG034KGC" failures="0" tests="1" name="api_test2.Reqres_TC006_GET" time="2.023" errors="0" timestamp="2022-11-10T12:29:05 IST" skipped="0">
  <testcase classname="api_test2.Reqres_TC006_GET" name="singleResourceNotFound" time="2.023"/>
  <system-out/>
</testsuite> <!-- api_test2.Reqres_TC006_GET -->
