<?xml version="1.0" encoding="UTF-8"?>
<!-- Generated by org.testng.reporters.JUnitReportReporter -->
<testsuite hostname="GBLNB-PG034KGC" failures="0" tests="2" name="datadrivenapitest.DataDriven_AddNewEmployees" time="16.048" errors="0" timestamp="2022-12-02T11:34:10 IST" skipped="0">
  <testcase classname="datadrivenapitest.DataDriven_AddNewEmployees" name="postNewEmployees" time="6.520"/>
  <system-out/>
  <testcase classname="datadrivenapitest.DataDriven_AddNewEmployees" name="postNewEmployees" time="9.528"/>
  <system-out/>
</testsuite> <!-- datadrivenapitest.DataDriven_AddNewEmployees -->
