<?xml version="1.0" encoding="UTF-8"?>
<!-- Generated by org.testng.reporters.JUnitReportReporter -->
<testsuite hostname="GBLNB-PG034KGC" failures="0" tests="1" name="api_test.TC003_GET" time="1.372" errors="0" timestamp="2022-11-09T13:24:39 IST" skipped="0">
  <testcase classname="api_test.TC003_GET" name="googleMapTest" time="1.372"/>
  <system-out/>
</testsuite> <!-- api_test.TC003_GET -->
