<?xml version="1.0" encoding="UTF-8"?>
<!-- Generated by org.testng.reporters.JUnitReportReporter -->
<testsuite hostname="GXNB-PF2ZKZ58" failures="0" tests="1" name="api_test2.Req_TC007_POST" time="2.538" errors="0" timestamp="2023-06-08T18:08:15 IST" skipped="0">
  <testcase classname="api_test2.Req_TC007_POST" name="create" time="2.538"/>
  <system-out/>
</testsuite> <!-- api_test2.Req_TC007_POST -->
