<?xml version="1.0" encoding="UTF-8"?>
<!-- Generated by org.testng.reporters.JUnitReportReporter -->
<testsuite hostname="GXNB-PF2ZKZ58" failures="0" tests="6" name="testNG.SkipATest" time="0.008" errors="0" timestamp="2023-11-09T20:52:39 IST" skipped="1">
  <testcase classname="testNG.SkipATest" name="startTheCar" time="0.001"/>
  <testcase classname="testNG.SkipATest" name="putFirstGear" time="0.002"/>
  <testcase classname="testNG.SkipATest" name="putSecondGear" time="0.002"/>
  <testcase classname="testNG.SkipATest" name="putThirdGear" time="0.001"/>
  <testcase classname="testNG.SkipATest" name="putFourthGear" time="0.002"/>
  <testcase classname="testNG.SkipATest" name="turnMusicOn">
    <skipped/>
  </testcase> <!-- turnMusicOn -->
</testsuite> <!-- testNG.SkipATest -->
