<?xml version="1.0" encoding="UTF-8"?>
<!-- Generated by org.testng.reporters.JUnitReportReporter -->
<testsuite hostname="GXNB-PF2ZKZ58" failures="0" tests="1" name="testNG.ParameterizationExample" time="0.010" errors="0" timestamp="2023-11-10T20:34:44 IST" skipped="0">
  <testcase classname="testNG.ParameterizationExample" name="printName" time="0.010"/>
</testsuite> <!-- testNG.ParameterizationExample -->
