<?xml version="1.0" encoding="UTF-8"?>
<!-- Generated by org.testng.reporters.JUnitReportReporter -->
<testsuite hostname="GXNB-PF2ZKZ58" failures="0" tests="2" name="testNG.ParallelTestingExample" time="9.757" errors="0" timestamp="2023-11-10T21:52:43 IST" skipped="0">
  <testcase classname="testNG.ParallelTestingExample" name="openGoogle" time="4.909"/>
  <testcase classname="testNG.ParallelTestingExample" name="openBing" time="4.848"/>
</testsuite> <!-- testNG.ParallelTestingExample -->
