<?xml version="1.0" encoding="UTF-8"?>
<!-- Generated by org.testng.reporters.JUnitReportReporter -->
<testsuite hostname="GXNB-PF2ZKZ58" failures="0" tests="1" name="testNG.SampleTestCase" time="0.013" errors="0" timestamp="2023-11-14T20:39:10 IST" skipped="0">
  <testcase classname="testNG.SampleTestCase" name="meth1" time="0.013"/>
</testsuite> <!-- testNG.SampleTestCase -->
