<?xml version="1.0" encoding="UTF-8"?>
<!-- Generated by org.testng.reporters.JUnitReportReporter -->
<testsuite hostname="GXNB-PF2ZKZ58" failures="0" tests="3" name="testNG.SuiteExample" time="25.709" errors="0" timestamp="2023-11-09T20:52:39 IST" skipped="0">
  <testcase classname="testNG.SuiteExample" name="openGoogle" time="1.242"/>
  <testcase classname="testNG.SuiteExample" name="openBing" time="0.459"/>
  <testcase classname="testNG.SuiteExample" name="openYahoo" time="24.008"/>
</testsuite> <!-- testNG.SuiteExample -->
