<?xml version="1.0" encoding="UTF-8"?>
<!-- Generated by org.testng.reporters.JUnitReportReporter -->
<testsuite hostname="GXNB-PF2ZKZ58" failures="0" tests="4" name="testNG.GroupingExample" time="0.029" errors="0" timestamp="2023-11-10T15:05:29 IST" skipped="0">
  <testcase classname="testNG.GroupingExample" name="lenovo" time="0.002"/>
  <testcase classname="testNG.GroupingExample" name="apple1" time="0.024"/>
  <testcase classname="testNG.GroupingExample" name="apple2" time="0.001"/>
  <testcase classname="testNG.GroupingExample" name="lenovo2" time="0.002"/>
</testsuite> <!-- testNG.GroupingExample -->
