<?xml version="1.0" encoding="UTF-8"?>
<!-- Generated by org.testng.reporters.JUnitReportReporter -->
<testsuite hostname="GXNB-PF2ZKZ58" failures="0" tests="3" name="testNG.AnnotationsHierarchyExample" time="0.013" errors="0" timestamp="2023-11-13T21:44:03 IST" skipped="0">
  <testcase classname="testNG.AnnotationsHierarchyExample" name="test1" time="0.008"/>
  <testcase classname="testNG.AnnotationsHierarchyExample" name="test2" time="0.002"/>
  <testcase classname="testNG.AnnotationsHierarchyExample" name="test3" time="0.003"/>
</testsuite> <!-- testNG.AnnotationsHierarchyExample -->
