<?xml version="1.0" encoding="UTF-8"?>
<!-- Generated by org.testng.reporters.JUnitReportReporter -->
<testsuite hostname="GXNB-PF2ZKZ58" failures="0" tests="3" name="testNG.DependenciesManagement" time="0.008" errors="0" timestamp="2023-11-09T20:52:39 IST" skipped="0">
  <testcase classname="testNG.DependenciesManagement" name="higherSecondary" time="0.002"/>
  <testcase classname="testNG.DependenciesManagement" name="highSchool" time="0.005"/>
  <testcase classname="testNG.DependenciesManagement" name="engineering" time="0.001"/>
</testsuite> <!-- testNG.DependenciesManagement -->
