<?xml version="1.0" encoding="UTF-8"?>
<!-- Generated by org.testng.reporters.JUnitReportReporter -->
<testsuite hostname="GBLNB-PG034KGC" failures="0" tests="2" name="screenshot.screen" time="6.219" errors="0" timestamp="2022-11-10T11:55:00 IST" skipped="0">
  <testcase classname="screenshot.screen" name="f2" time="0.158"/>
  <system-out/>
  <testcase classname="screenshot.screen" name="f" time="6.061"/>
  <system-out/>
</testsuite> <!-- screenshot.screen -->
