<?xml version="1.0" encoding="UTF-8"?>
<!-- Generated by org.testng.reporters.JUnitReportReporter -->
<testsuite hostname="GBLNB-PG034KGC" failures="0" tests="1" name="mp1.NewTest1" time="8.779" errors="0" timestamp="2022-11-07T14:52:16 IST" skipped="0">
  <testcase classname="mp1.NewTest1" name="test" time="8.779"/>
  <system-out/>
</testsuite> <!-- mp1.NewTest1 -->
