<?xml version="1.0" encoding="UTF-8"?>
<!-- Generated by org.testng.reporters.JUnitReportReporter -->
<testsuite hostname="GBLNB-PG034KGC" failures="0" tests="1" name="mp.NewTest" time="9.270" errors="0" timestamp="2022-11-07T15:38:02 IST" skipped="0">
  <testcase classname="mp.NewTest" name="test" time="9.270"/>
  <system-out/>
</testsuite> <!-- mp.NewTest -->
