<?xml version="1.0" encoding="UTF-8"?>
<!-- Generated by org.testng.reporters.JUnitReportReporter -->
<testsuite hostname="GXNB-PG03THKB" failures="0" tests="2" name="testRunner.Runner" time="11.323" errors="0" timestamp="2024-10-04T00:45:19 IST" skipped="0">
  <testcase classname="testRunner.Runner" name="runScenario" time="5.808"/>
  <testcase classname="testRunner.Runner" name="runScenario" time="5.515"/>
</testsuite> <!-- testRunner.Runner -->
