<?xml version="1.0" encoding="UTF-8"?>
<!-- Generated by org.testng.reporters.JUnitReportReporter -->
<testsuite hostname="GBLNB-PG034KGC" failures="0" tests="5" name="com.galaxe.TestCase.TC004_PUT_EmployeeRecord" time="15.053" errors="0" timestamp="2022-11-22T12:16:27 IST" skipped="0">
  <testcase classname="com.galaxe.TestCase.TC004_PUT_EmployeeRecord" name="checkContentType" time="3.004"/>
  <system-out/>
  <testcase classname="com.galaxe.TestCase.TC004_PUT_EmployeeRecord" name="checkStatusLine" time="3.011"/>
  <system-out/>
  <testcase classname="com.galaxe.TestCase.TC004_PUT_EmployeeRecord" name="checkStatusCode" time="3.007"/>
  <system-out/>
  <testcase classname="com.galaxe.TestCase.TC004_PUT_EmployeeRecord" name="checkServerType" time="3.011"/>
  <system-out/>
  <testcase classname="com.galaxe.TestCase.TC004_PUT_EmployeeRecord" name="checkResponseBody" time="3.020"/>
  <system-out/>
</testsuite> <!-- com.galaxe.TestCase.TC004_PUT_EmployeeRecord -->
