<?xml version="1.0" encoding="UTF-8"?>
<!-- Generated by org.testng.reporters.JUnitReportReporter -->
<testsuite hostname="GXNB-PG03THKB" failures="0" tests="136" name="com.fordfoundation.salesforce.SF_Mailing_State" time="2686.215" errors="0" timestamp="2024-05-21T15:35:14 IST" skipped="0">
  <testcase classname="com.fordfoundation.salesforce.SF_Mailing_State" name="getState" time="16.558"/>
  <testcase classname="com.fordfoundation.salesforce.SF_Mailing_State" name="getState" time="17.809"/>
  <testcase classname="com.fordfoundation.salesforce.SF_Mailing_State" name="getState" time="18.282"/>
  <testcase classname="com.fordfoundation.salesforce.SF_Mailing_State" name="getState" time="17.325"/>
  <testcase classname="com.fordfoundation.salesforce.SF_Mailing_State" name="getState" time="17.048"/>
  <testcase classname="com.fordfoundation.salesforce.SF_Mailing_State" name="getState" time="17.486"/>
  <testcase classname="com.fordfoundation.salesforce.SF_Mailing_State" name="getState" time="20.356"/>
  <testcase classname="com.fordfoundation.salesforce.SF_Mailing_State" name="getState" time="19.707"/>
  <testcase classname="com.fordfoundation.salesforce.SF_Mailing_State" name="getState" time="19.197"/>
  <testcase classname="com.fordfoundation.salesforce.SF_Mailing_State" name="getState" time="19.237"/>
  <testcase classname="com.fordfoundation.salesforce.SF_Mailing_State" name="getState" time="15.694"/>
  <testcase classname="com.fordfoundation.salesforce.SF_Mailing_State" name="getState" time="15.665"/>
  <testcase classname="com.fordfoundation.salesforce.SF_Mailing_State" name="getState" time="15.740"/>
  <testcase classname="com.fordfoundation.salesforce.SF_Mailing_State" name="getState" time="17.336"/>
  <testcase classname="com.fordfoundation.salesforce.SF_Mailing_State" name="getState" time="15.679"/>
  <testcase classname="com.fordfoundation.salesforce.SF_Mailing_State" name="getState" time="20.853"/>
  <testcase classname="com.fordfoundation.salesforce.SF_Mailing_State" name="getState" time="27.463"/>
  <testcase classname="com.fordfoundation.salesforce.SF_Mailing_State" name="getState" time="15.506"/>
  <testcase classname="com.fordfoundation.salesforce.SF_Mailing_State" name="getState" time="18.590"/>
  <testcase classname="com.fordfoundation.salesforce.SF_Mailing_State" name="getState" time="15.794"/>
  <testcase classname="com.fordfoundation.salesforce.SF_Mailing_State" name="getState" time="20.368"/>
  <testcase classname="com.fordfoundation.salesforce.SF_Mailing_State" name="getState" time="17.865"/>
  <testcase classname="com.fordfoundation.salesforce.SF_Mailing_State" name="getState" time="18.064"/>
  <testcase classname="com.fordfoundation.salesforce.SF_Mailing_State" name="getState" time="15.956"/>
  <testcase classname="com.fordfoundation.salesforce.SF_Mailing_State" name="getState" time="16.265"/>
  <testcase classname="com.fordfoundation.salesforce.SF_Mailing_State" name="getState" time="21.762"/>
  <testcase classname="com.fordfoundation.salesforce.SF_Mailing_State" name="getState" time="15.596"/>
  <testcase classname="com.fordfoundation.salesforce.SF_Mailing_State" name="getState" time="24.005"/>
  <testcase classname="com.fordfoundation.salesforce.SF_Mailing_State" name="getState" time="15.856"/>
  <testcase classname="com.fordfoundation.salesforce.SF_Mailing_State" name="getState" time="22.049"/>
  <testcase classname="com.fordfoundation.salesforce.SF_Mailing_State" name="getState" time="18.491"/>
  <testcase classname="com.fordfoundation.salesforce.SF_Mailing_State" name="getState" time="17.277"/>
  <testcase classname="com.fordfoundation.salesforce.SF_Mailing_State" name="getState" time="16.353"/>
  <testcase classname="com.fordfoundation.salesforce.SF_Mailing_State" name="getState" time="16.456"/>
  <testcase classname="com.fordfoundation.salesforce.SF_Mailing_State" name="getState" time="15.862"/>
  <testcase classname="com.fordfoundation.salesforce.SF_Mailing_State" name="getState" time="17.837"/>
  <testcase classname="com.fordfoundation.salesforce.SF_Mailing_State" name="getState" time="45.164"/>
  <testcase classname="com.fordfoundation.salesforce.SF_Mailing_State" name="getState" time="15.545"/>
  <testcase classname="com.fordfoundation.salesforce.SF_Mailing_State" name="getState" time="18.904"/>
  <testcase classname="com.fordfoundation.salesforce.SF_Mailing_State" name="getState" time="15.682"/>
  <testcase classname="com.fordfoundation.salesforce.SF_Mailing_State" name="getState" time="24.065"/>
  <testcase classname="com.fordfoundation.salesforce.SF_Mailing_State" name="getState" time="30.523"/>
  <testcase classname="com.fordfoundation.salesforce.SF_Mailing_State" name="getState" time="15.621"/>
  <testcase classname="com.fordfoundation.salesforce.SF_Mailing_State" name="getState" time="19.511"/>
  <testcase classname="com.fordfoundation.salesforce.SF_Mailing_State" name="getState" time="22.159"/>
  <testcase classname="com.fordfoundation.salesforce.SF_Mailing_State" name="getState" time="15.501"/>
  <testcase classname="com.fordfoundation.salesforce.SF_Mailing_State" name="getState" time="17.504"/>
  <testcase classname="com.fordfoundation.salesforce.SF_Mailing_State" name="getState" time="59.119"/>
  <testcase classname="com.fordfoundation.salesforce.SF_Mailing_State" name="getState" time="16.000"/>
  <testcase classname="com.fordfoundation.salesforce.SF_Mailing_State" name="getState" time="15.668"/>
  <testcase classname="com.fordfoundation.salesforce.SF_Mailing_State" name="getState" time="20.156"/>
  <testcase classname="com.fordfoundation.salesforce.SF_Mailing_State" name="getState" time="19.738"/>
  <testcase classname="com.fordfoundation.salesforce.SF_Mailing_State" name="getState" time="43.791"/>
  <testcase classname="com.fordfoundation.salesforce.SF_Mailing_State" name="getState" time="18.365"/>
  <testcase classname="com.fordfoundation.salesforce.SF_Mailing_State" name="getState" time="15.757"/>
  <testcase classname="com.fordfoundation.salesforce.SF_Mailing_State" name="getState" time="15.810"/>
  <testcase classname="com.fordfoundation.salesforce.SF_Mailing_State" name="getState" time="16.524"/>
  <testcase classname="com.fordfoundation.salesforce.SF_Mailing_State" name="getState" time="16.156"/>
  <testcase classname="com.fordfoundation.salesforce.SF_Mailing_State" name="getState" time="19.580"/>
  <testcase classname="com.fordfoundation.salesforce.SF_Mailing_State" name="getState" time="33.050"/>
  <testcase classname="com.fordfoundation.salesforce.SF_Mailing_State" name="getState" time="16.753"/>
  <testcase classname="com.fordfoundation.salesforce.SF_Mailing_State" name="getState" time="24.853"/>
  <testcase classname="com.fordfoundation.salesforce.SF_Mailing_State" name="getState" time="16.362"/>
  <testcase classname="com.fordfoundation.salesforce.SF_Mailing_State" name="getState" time="17.235"/>
  <testcase classname="com.fordfoundation.salesforce.SF_Mailing_State" name="getState" time="15.768"/>
  <testcase classname="com.fordfoundation.salesforce.SF_Mailing_State" name="getState" time="17.321"/>
  <testcase classname="com.fordfoundation.salesforce.SF_Mailing_State" name="getState" time="24.521"/>
  <testcase classname="com.fordfoundation.salesforce.SF_Mailing_State" name="getState" time="15.734"/>
  <testcase classname="com.fordfoundation.salesforce.SF_Mailing_State" name="getState" time="16.594"/>
  <testcase classname="com.fordfoundation.salesforce.SF_Mailing_State" name="getState" time="15.789"/>
  <testcase classname="com.fordfoundation.salesforce.SF_Mailing_State" name="getState" time="17.912"/>
  <testcase classname="com.fordfoundation.salesforce.SF_Mailing_State" name="getState" time="17.489"/>
  <testcase classname="com.fordfoundation.salesforce.SF_Mailing_State" name="getState" time="19.763"/>
  <testcase classname="com.fordfoundation.salesforce.SF_Mailing_State" name="getState" time="17.958"/>
  <testcase classname="com.fordfoundation.salesforce.SF_Mailing_State" name="getState" time="17.739"/>
  <testcase classname="com.fordfoundation.salesforce.SF_Mailing_State" name="getState" time="17.877"/>
  <testcase classname="com.fordfoundation.salesforce.SF_Mailing_State" name="getState" time="15.612"/>
  <testcase classname="com.fordfoundation.salesforce.SF_Mailing_State" name="getState" time="15.696"/>
  <testcase classname="com.fordfoundation.salesforce.SF_Mailing_State" name="getState" time="19.840"/>
  <testcase classname="com.fordfoundation.salesforce.SF_Mailing_State" name="getState" time="19.718"/>
  <testcase classname="com.fordfoundation.salesforce.SF_Mailing_State" name="getState" time="16.725"/>
  <testcase classname="com.fordfoundation.salesforce.SF_Mailing_State" name="getState" time="16.013"/>
  <testcase classname="com.fordfoundation.salesforce.SF_Mailing_State" name="getState" time="17.453"/>
  <testcase classname="com.fordfoundation.salesforce.SF_Mailing_State" name="getState" time="49.324"/>
  <testcase classname="com.fordfoundation.salesforce.SF_Mailing_State" name="getState" time="20.222"/>
  <testcase classname="com.fordfoundation.salesforce.SF_Mailing_State" name="getState" time="18.860"/>
  <testcase classname="com.fordfoundation.salesforce.SF_Mailing_State" name="getState" time="15.497"/>
  <testcase classname="com.fordfoundation.salesforce.SF_Mailing_State" name="getState" time="34.784"/>
  <testcase classname="com.fordfoundation.salesforce.SF_Mailing_State" name="getState" time="17.644"/>
  <testcase classname="com.fordfoundation.salesforce.SF_Mailing_State" name="getState" time="23.208"/>
  <testcase classname="com.fordfoundation.salesforce.SF_Mailing_State" name="getState" time="18.896"/>
  <testcase classname="com.fordfoundation.salesforce.SF_Mailing_State" name="getState" time="17.610"/>
  <testcase classname="com.fordfoundation.salesforce.SF_Mailing_State" name="getState" time="21.491"/>
  <testcase classname="com.fordfoundation.salesforce.SF_Mailing_State" name="getState" time="15.490"/>
  <testcase classname="com.fordfoundation.salesforce.SF_Mailing_State" name="getState" time="17.535"/>
  <testcase classname="com.fordfoundation.salesforce.SF_Mailing_State" name="getState" time="24.574"/>
  <testcase classname="com.fordfoundation.salesforce.SF_Mailing_State" name="getState" time="23.879"/>
  <testcase classname="com.fordfoundation.salesforce.SF_Mailing_State" name="getState" time="18.938"/>
  <testcase classname="com.fordfoundation.salesforce.SF_Mailing_State" name="getState" time="47.213"/>
  <testcase classname="com.fordfoundation.salesforce.SF_Mailing_State" name="getState" time="15.495"/>
  <testcase classname="com.fordfoundation.salesforce.SF_Mailing_State" name="getState" time="17.672"/>
  <testcase classname="com.fordfoundation.salesforce.SF_Mailing_State" name="getState" time="15.889"/>
  <testcase classname="com.fordfoundation.salesforce.SF_Mailing_State" name="getState" time="19.669"/>
  <testcase classname="com.fordfoundation.salesforce.SF_Mailing_State" name="getState" time="17.532"/>
  <testcase classname="com.fordfoundation.salesforce.SF_Mailing_State" name="getState" time="15.718"/>
  <testcase classname="com.fordfoundation.salesforce.SF_Mailing_State" name="getState" time="18.154"/>
  <testcase classname="com.fordfoundation.salesforce.SF_Mailing_State" name="getState" time="15.467"/>
  <testcase classname="com.fordfoundation.salesforce.SF_Mailing_State" name="getState" time="16.385"/>
  <testcase classname="com.fordfoundation.salesforce.SF_Mailing_State" name="getState" time="15.541"/>
  <testcase classname="com.fordfoundation.salesforce.SF_Mailing_State" name="getState" time="15.916"/>
  <testcase classname="com.fordfoundation.salesforce.SF_Mailing_State" name="getState" time="15.601"/>
  <testcase classname="com.fordfoundation.salesforce.SF_Mailing_State" name="getState" time="19.975"/>
  <testcase classname="com.fordfoundation.salesforce.SF_Mailing_State" name="getState" time="17.076"/>
  <testcase classname="com.fordfoundation.salesforce.SF_Mailing_State" name="getState" time="27.136"/>
  <testcase classname="com.fordfoundation.salesforce.SF_Mailing_State" name="getState" time="15.736"/>
  <testcase classname="com.fordfoundation.salesforce.SF_Mailing_State" name="getState" time="16.305"/>
  <testcase classname="com.fordfoundation.salesforce.SF_Mailing_State" name="getState" time="21.356"/>
  <testcase classname="com.fordfoundation.salesforce.SF_Mailing_State" name="getState" time="15.757"/>
  <testcase classname="com.fordfoundation.salesforce.SF_Mailing_State" name="getState" time="20.506"/>
  <testcase classname="com.fordfoundation.salesforce.SF_Mailing_State" name="getState" time="16.235"/>
  <testcase classname="com.fordfoundation.salesforce.SF_Mailing_State" name="getState" time="15.719"/>
  <testcase classname="com.fordfoundation.salesforce.SF_Mailing_State" name="getState" time="27.864"/>
  <testcase classname="com.fordfoundation.salesforce.SF_Mailing_State" name="getState" time="19.343"/>
  <testcase classname="com.fordfoundation.salesforce.SF_Mailing_State" name="getState" time="18.161"/>
  <testcase classname="com.fordfoundation.salesforce.SF_Mailing_State" name="getState" time="18.713"/>
  <testcase classname="com.fordfoundation.salesforce.SF_Mailing_State" name="getState" time="18.127"/>
  <testcase classname="com.fordfoundation.salesforce.SF_Mailing_State" name="getState" time="38.669"/>
  <testcase classname="com.fordfoundation.salesforce.SF_Mailing_State" name="getState" time="22.562"/>
  <testcase classname="com.fordfoundation.salesforce.SF_Mailing_State" name="getState" time="24.174"/>
  <testcase classname="com.fordfoundation.salesforce.SF_Mailing_State" name="getState" time="18.054"/>
  <testcase classname="com.fordfoundation.salesforce.SF_Mailing_State" name="getState" time="17.321"/>
  <testcase classname="com.fordfoundation.salesforce.SF_Mailing_State" name="getState" time="15.560"/>
  <testcase classname="com.fordfoundation.salesforce.SF_Mailing_State" name="getState" time="17.542"/>
  <testcase classname="com.fordfoundation.salesforce.SF_Mailing_State" name="getState" time="16.021"/>
  <testcase classname="com.fordfoundation.salesforce.SF_Mailing_State" name="getState" time="16.411"/>
  <testcase classname="com.fordfoundation.salesforce.SF_Mailing_State" name="getState" time="15.683"/>
</testsuite> <!-- com.fordfoundation.salesforce.SF_Mailing_State -->
